GROUP,PACKAGE,CLASS,INSTRUCTION_MISSED,INSTRUCTION_COVERED,BRANCH_MISSED,BRANCH_COVERED,LINE_MISSED,LINE_COVERED,COMPLEXITY_MISSED,COMPLEXITY_COVERED,METHOD_MISSED,METHOD_COVERED
Immutable Configurations,imconfig,ConfigurationException,0,8,0,0,0,4,0,2,0,2
Immutable Configurations,imconfig,Configuration,14,0,0,0,3,0,2,0,2,0
Immutable Configurations,imconfig,ConfigurationFactory,5,39,1,3,1,6,1,3,0,2
Immutable Configurations,imconfig.internal,ApacheConfiguration2ConversionHandler,0,67,0,2,0,12,0,5,0,4
Immutable Configurations,imconfig.internal,ApacheConfiguration2Factory,120,418,7,31,26,77,10,34,6,19
Immutable Configurations,imconfig.internal,AbstractConfiguration,98,30,0,0,12,6,10,4,10,4
Immutable Configurations,imconfig.internal,ApacheConfiguration2,61,222,6,10,10,43,12,20,8,16
